<?xml version="1.0" encoding="UTF-8"?>
<testsuite xmlns:xsi="http://www.w3.org/2001/XMLSchema-instance" xsi:schemaLocation="https://maven.apache.org/surefire/maven-surefire-plugin/xsd/surefire-test-report.xsd" name="s4n.week1.challenge.StreamsTest" time="0.031" tests="11" errors="0" skipped="0" failures="0">
  <properties>
[...]
</properties>
  <testcase name="ageByPerson" classname="s4n.week1.challenge.StreamsTest" time="0"/>
  <testcase name="incomeStatics" classname="s4n.week1.challenge.StreamsTest" time="0"/>
  <testcase name="totalIncome" classname="s4n.week1.challenge.StreamsTest" time="0"/>
  <testcase name="removePerson" classname="s4n.week1.challenge.StreamsTest" time="0.015"/>
  <testcase name="phraseStatics" classname="s4n.week1.challenge.StreamsTest" time="0"/>
  <testcase name="findByName" classname="s4n.week1.challenge.StreamsTest" time="0"/>
  <testcase name="addPerson" classname="s4n.week1.challenge.StreamsTest" time="0"/>
  <testcase name="maxIncomePerson" classname="s4n.week1.challenge.StreamsTest" time="0"/>
  <testcase name="filterByLetter" classname="s4n.week1.challenge.StreamsTest" time="0"/>
  <testcase name="allPersonsDataAsString" classname="s4n.week1.challenge.StreamsTest" time="0.016"/>
  <testcase name="averangeIncome" classname="s4n.week1.challenge.StreamsTest" time="0"/>
</testsuite>